<?xml version="1.0" encoding="UTF-8"?>
<!-- Generated by org.testng.reporters.JUnitXMLReporter -->
<testsuite hostname="Supergirl-PC" ignored="0" name="Test" tests="2" failures="2" timestamp="10 Jan 2020 14:04:11 GMT" time="12.979" errors="0">
  <testcase name="productPriceCompare" time="0.011" classname="com.app.testScripts.ScriptTest">
    <failure type="java.lang.NullPointerException">
      <![CDATA[java.lang.NullPointerException
at com.app.reports.Listener.onTestStart(Listener.java:28)
... Removed 22 stack frames]]>
    </failure>
  </testcase> <!-- productPriceCompare -->
  <testcase name="productPriceCompare" time="1.143" classname="com.app.testScripts.ScriptTest">
    <failure type="java.lang.NullPointerException">
      <![CDATA[java.lang.NullPointerException
at com.app.reports.Listener.onTestFailure(Listener.java:50)
... Removed 22 stack frames]]>
    </failure>
  </testcase> <!-- productPriceCompare -->
</testsuite> <!-- Test -->
